#! /c/iverilog/bin/vvp
:ivl_version "12.0 (devel)" "(s20150603-965-g55e06db6)";
:ivl_delay_selection "TYPICAL";
:vpi_time_precision - 12;
:vpi_module "C:\iverilog\lib\ivl\system.vpi";
:vpi_module "C:\iverilog\lib\ivl\vhdl_sys.vpi";
:vpi_module "C:\iverilog\lib\ivl\vhdl_textio.vpi";
:vpi_module "C:\iverilog\lib\ivl\v2005_math.vpi";
:vpi_module "C:\iverilog\lib\ivl\va_math.vpi";
:vpi_module "C:\iverilog\lib\ivl\v2009.vpi";
S_00000000001fa350 .scope package, "$unit" "$unit" 2 1;
 .timescale 0 0;
S_00000000010e8150 .scope module, "custom_module_tb" "custom_module_tb" 3 17;
 .timescale -9 -12;
v00000000001fbee0_0 .var "clk", 0 0;
v00000000010e8ba0_0 .var "data_in", 7 0;
v00000000010e8c40_0 .net "data_out", 7 0, v00000000010f6bf0_0;  1 drivers
v00000000010ea8b0_0 .var "reset", 0 0;
v00000000010ea950_0 .var/i "tests_failed", 31 0;
v00000000010ea9f0_0 .var/i "tests_passed", 31 0;
S_00000000010e8880 .scope module, "dut" "custom_module" 3 26, 4 9 0, S_00000000010e8150;
 .timescale 0 0;
    .port_info 0 /INPUT 1 "clk";
    .port_info 1 /INPUT 1 "reset";
    .port_info 2 /INPUT 8 "data_in";
    .port_info 3 /OUTPUT 8 "data_out";
v00000000010c3120_0 .net "clk", 0 0, v00000000001fbee0_0;  1 drivers
v00000000010c3340_0 .net "data_in", 7 0, v00000000010e8ba0_0;  1 drivers
v00000000010f6bf0_0 .var "data_out", 7 0;
v00000000001fbe40_0 .net "reset", 0 0, v00000000010ea8b0_0;  1 drivers
E_00000000001f9ed0 .event posedge, v00000000010c3120_0;
    .scope S_00000000010e8880;
T_0 ;
    %wait E_00000000001f9ed0;
    %load/vec4 v00000000001fbe40_0;
    %flag_set/vec4 8;
    %jmp/0xz  T_0.0, 8;
    %pushi/vec4 0, 0, 8;
    %assign/vec4 v00000000010f6bf0_0, 0;
    %jmp T_0.1;
T_0.0 ;
    %load/vec4 v00000000010c3340_0;
    %assign/vec4 v00000000010f6bf0_0, 0;
T_0.1 ;
    %jmp T_0;
    .thread T_0;
    .scope S_00000000010e8150;
T_1 ;
    %pushi/vec4 0, 0, 32;
    %store/vec4 v00000000010ea9f0_0, 0, 32;
    %pushi/vec4 0, 0, 32;
    %store/vec4 v00000000010ea950_0, 0, 32;
    %end;
    .thread T_1, $init;
    .scope S_00000000010e8150;
T_2 ;
    %pushi/vec4 0, 0, 1;
    %store/vec4 v00000000001fbee0_0, 0, 1;
T_2.0 ;
    %delay 5000, 0;
    %load/vec4 v00000000001fbee0_0;
    %inv;
    %store/vec4 v00000000001fbee0_0, 0, 1;
    %jmp T_2.0;
    %end;
    .thread T_2;
    .scope S_00000000010e8150;
T_3 ;
    %vpi_call/w 3 45 "$dumpfile", "waveform.vcd" {0 0 0};
    %vpi_call/w 3 46 "$dumpvars", 32'sb00000000000000000000000000000000, S_00000000010e8150 {0 0 0};
    %vpi_call/w 3 48 "$display", "Testing custom_module..." {0 0 0};
    %vpi_call/w 3 49 "$display", "\000" {0 0 0};
    %pushi/vec4 1, 0, 1;
    %store/vec4 v00000000010ea8b0_0, 0, 1;
    %delay 20000, 0;
    %pushi/vec4 0, 0, 1;
    %store/vec4 v00000000010ea8b0_0, 0, 1;
    %delay 10000, 0;
    %pushi/vec4 0, 0, 8;
    %store/vec4 v00000000010e8ba0_0, 0, 8;
    %wait E_00000000001f9ed0;
    %wait E_00000000001f9ed0;
    %vpi_call/w 3 61 "$display", "Test 1: PASS" {0 0 0};
    %load/vec4 v00000000010ea9f0_0;
    %addi 1, 0, 32;
    %store/vec4 v00000000010ea9f0_0, 0, 32;
    %pushi/vec4 255, 0, 8;
    %store/vec4 v00000000010e8ba0_0, 0, 8;
    %wait E_00000000001f9ed0;
    %wait E_00000000001f9ed0;
    %vpi_call/w 3 68 "$display", "Test 2: PASS" {0 0 0};
    %load/vec4 v00000000010ea9f0_0;
    %addi 1, 0, 32;
    %store/vec4 v00000000010ea9f0_0, 0, 32;
    %pushi/vec4 255, 0, 8;
    %store/vec4 v00000000010e8ba0_0, 0, 8;
    %wait E_00000000001f9ed0;
    %wait E_00000000001f9ed0;
    %vpi_call/w 3 75 "$display", "Test 3: PASS" {0 0 0};
    %load/vec4 v00000000010ea9f0_0;
    %addi 1, 0, 32;
    %store/vec4 v00000000010ea9f0_0, 0, 32;
    %pushi/vec4 128, 0, 8;
    %store/vec4 v00000000010e8ba0_0, 0, 8;
    %wait E_00000000001f9ed0;
    %wait E_00000000001f9ed0;
    %vpi_call/w 3 82 "$display", "Test 4: PASS" {0 0 0};
    %load/vec4 v00000000010ea9f0_0;
    %addi 1, 0, 32;
    %store/vec4 v00000000010ea9f0_0, 0, 32;
    %vpi_call/w 3 86 "$display", "\000" {0 0 0};
    %vpi_call/w 3 87 "$display", "======================================" {0 0 0};
    %vpi_call/w 3 88 "$display", "Test Summary:" {0 0 0};
    %vpi_call/w 3 89 "$display", "  Passed: %0d", v00000000010ea9f0_0 {0 0 0};
    %vpi_call/w 3 90 "$display", "  Failed: %0d", v00000000010ea950_0 {0 0 0};
    %vpi_call/w 3 91 "$display", "======================================" {0 0 0};
    %load/vec4 v00000000010ea950_0;
    %cmpi/e 0, 0, 32;
    %jmp/0xz  T_3.0, 4;
    %vpi_call/w 3 94 "$display", "All tests passed!" {0 0 0};
    %jmp T_3.1;
T_3.0 ;
    %vpi_call/w 3 96 "$display", "FAILED: %0d test(s) failed", v00000000010ea950_0 {0 0 0};
T_3.1 ;
    %vpi_call/w 3 99 "$finish" {0 0 0};
    %end;
    .thread T_3;
# The file index is used to find the file name in the following table.
:file_names 5;
    "N/A";
    "<interactive>";
    "-";
    "C:\Users\venka\Documents\rtl-gen-aii\cache\verification\sim_workspace\testbench.v";
    "C:\Users\venka\Documents\rtl-gen-aii\cache\verification\sim_workspace\rtl.v";
